<?xml version="1.0" encoding="UTF-8"?>
<testsuites name="Mocha Tests" time="6.257" tests="3" failures="0">
  <testsuite name="Root Suite" timestamp="2025-12-03T03:10:18" tests="0" file="cypress/e2e/sauce/login.cy.js" time="0.000" failures="0">
  </testsuite>
  <testsuite name="SauceDemo Login" timestamp="2025-12-03T03:10:18" tests="3" time="6.235" failures="0">
    <testcase name="SauceDemo Login should display login page correctly" time="4.073" classname="should display login page correctly">
    </testcase>
    <testcase name="SauceDemo Login should login successfully with standard user" time="0.898" classname="should login successfully with standard user">
    </testcase>
    <testcase name="SauceDemo Login should show error message with invalid credentials" time="1.178" classname="should show error message with invalid credentials">
    </testcase>
  </testsuite>
</testsuites>