<testsuites>
  <testsuite name="SauceTest.dll" tests="1" skipped="0" failures="0" errors="0" time="4.012067" timestamp="2025-12-03T07:58:37" hostname="luffy" id="0" package="SauceTest.dll">
    <properties />
    <testcase classname="SauceTest.LoginTests" name="LoginWithStandardUser_ShouldSucceed" time="4.0120670" />
    <system-out>
Test Framework Informational Messages:
NUnit Adapter 4.3.1.0: Test execution started
Running all tests in /Users/wan/Cursor/testrail-integration/test/dotnet/nunit/SauceTest/bin/Debug/net8.0/SauceTest.dll
   NUnit3TestExecutor discovered 1 of 1 NUnit test cases using Current Discovery mode, Non-Explicit run
NUnit Adapter 4.3.1.0: Test execution complete
</system-out>
    <system-err></system-err>
  </testsuite>
</testsuites>