<?xml version="1.0" encoding="UTF-8"?><testsuite xmlns:xsi="http://www.w3.org/2001/XMLSchema-instance" xsi:noNamespaceSchemaLocation="https://maven.apache.org/surefire/maven-surefire-plugin/xsd/surefire-test-report-3.0.xsd" version="3.0" name="demo.HomePageTest" time="11.524" tests="3" errors="0" skipped="0" failures="0">
    <testcase name="verifyLoginPageTitle" classname="demo.HomePageTest" time="3.85"/>
    <testcase name="verifyProductsDisplayedAfterLogin" classname="demo.HomePageTest" time="3.784"/>
    <testcase name="verifySuccessfulLoginWithValidCredentials" classname="demo.HomePageTest" time="3.882"/>
</testsuite>
