<?xml version="1.0" encoding="UTF-8"?>
<!-- Generated by org.testng.reporters.JUnitReportReporter -->
<testsuite hostname="luffy.lan" failures="0" tests="3" name="demo.HomePageTest" time="11.571" errors="0" timestamp="2025-12-03T14:35:30 CST" skipped="0">
  <testcase classname="demo.HomePageTest" name="verifySuccessfulLoginWithValidCredentials" time="4.245"/>
  <system-out/>
  <testcase classname="demo.HomePageTest" name="verifyLoginPageTitle" time="3.475"/>
  <system-out/>
  <testcase classname="demo.HomePageTest" name="verifyProductsDisplayedAfterLogin" time="3.851"/>
  <system-out/>
</testsuite> <!-- demo.HomePageTest -->
