<?xml version="1.0" encoding="UTF-8"?>
<robot generator="Robot 6.1 (Python 3.12.12 on darwin)" generated="20251203 16:23:11.207" rpa="false" schemaversion="4">
<suite id="s1" name="Tests" source="/Users/wan/Cursor/testrail-integration/test/robotframework/robotframework-selenium/tests">
<suite id="s1-s1" name="Login-Tests" source="/Users/wan/Cursor/testrail-integration/test/robotframework/robotframework-selenium/tests/login-tests.robot">
<test id="s1-s1-t1" name="Verify Successful Login With Standard User" line="6">
<kw name="Open SauceDemo Website" library="keywords">
<kw name="Open Browser" library="SeleniumLibrary">
<arg>url=${BASE_URL}</arg>
<arg>browser=headlesschrome</arg>
<doc>Opens a new browser instance to the optional ``url``.</doc>
<msg timestamp="20251203 16:23:11.302" level="INFO">Opening browser 'headlesschrome' to base url 'https://www.saucedemo.com'.</msg>
<status status="PASS" starttime="20251203 16:23:11.302" endtime="20251203 16:23:15.566"/>
</kw>
<kw name="Set Window Size" library="SeleniumLibrary">
<arg>1920</arg>
<arg>1080</arg>
<doc>Sets current windows size to given ``width`` and ``height``.</doc>
<status status="PASS" starttime="20251203 16:23:15.567" endtime="20251203 16:23:15.587"/>
</kw>
<status status="PASS" starttime="20251203 16:23:11.301" endtime="20251203 16:23:15.587"/>
</kw>
<kw name="Verify Login Page Loaded" library="keywords">
<kw name="Wait Until Element Is Visible" library="SeleniumLibrary">
<arg>id=login-button</arg>
<doc>Waits until the element ``locator`` is visible.</doc>
<status status="PASS" starttime="20251203 16:23:15.588" endtime="20251203 16:23:15.610"/>
</kw>
<kw name="Element Should Be Visible" library="SeleniumLibrary">
<arg>id=user-name</arg>
<doc>Verifies that the element identified by ``locator`` is visible.</doc>
<msg timestamp="20251203 16:23:15.619" level="INFO">Element 'id=user-name' is displayed.</msg>
<status status="PASS" starttime="20251203 16:23:15.610" endtime="20251203 16:23:15.619"/>
</kw>
<kw name="Element Should Be Visible" library="SeleniumLibrary">
<arg>id=password</arg>
<doc>Verifies that the element identified by ``locator`` is visible.</doc>
<msg timestamp="20251203 16:23:15.628" level="INFO">Element 'id=password' is displayed.</msg>
<status status="PASS" starttime="20251203 16:23:15.619" endtime="20251203 16:23:15.628"/>
</kw>
<status status="PASS" starttime="20251203 16:23:15.587" endtime="20251203 16:23:15.628"/>
</kw>
<kw name="Login With Credentials" library="keywords">
<arg>${STANDARD_USER}</arg>
<arg>${VALID_PASSWORD}</arg>
<kw name="Input Username" library="keywords">
<arg>${username}</arg>
<kw name="Wait Until Element Is Visible" library="SeleniumLibrary">
<arg>id=user-name</arg>
<doc>Waits until the element ``locator`` is visible.</doc>
<status status="PASS" starttime="20251203 16:23:15.628" endtime="20251203 16:23:15.634"/>
</kw>
<kw name="Input Text" library="SeleniumLibrary">
<arg>id=user-name</arg>
<arg>${username}</arg>
<doc>Types the given ``text`` into the text field identified by ``locator``.</doc>
<msg timestamp="20251203 16:23:15.635" level="INFO">Typing text 'standard_user' into text field 'id=user-name'.</msg>
<status status="PASS" starttime="20251203 16:23:15.634" endtime="20251203 16:23:15.727"/>
</kw>
<status status="PASS" starttime="20251203 16:23:15.628" endtime="20251203 16:23:15.727"/>
</kw>
<kw name="Input Password" library="keywords">
<arg>${password}</arg>
<kw name="Wait Until Element Is Visible" library="SeleniumLibrary">
<arg>id=password</arg>
<doc>Waits until the element ``locator`` is visible.</doc>
<status status="PASS" starttime="20251203 16:23:15.727" endtime="20251203 16:23:15.734"/>
</kw>
<kw name="Input Text" library="SeleniumLibrary">
<arg>id=password</arg>
<arg>${password}</arg>
<doc>Types the given ``text`` into the text field identified by ``locator``.</doc>
<msg timestamp="20251203 16:23:15.735" level="INFO">Typing text 'secret_sauce' into text field 'id=password'.</msg>
<status status="PASS" starttime="20251203 16:23:15.734" endtime="20251203 16:23:15.767"/>
</kw>
<status status="PASS" starttime="20251203 16:23:15.727" endtime="20251203 16:23:15.767"/>
</kw>
<kw name="Click Login Button" library="keywords">
<kw name="Click Element" library="SeleniumLibrary">
<arg>id=login-button</arg>
<doc>Click the element identified by ``locator``.</doc>
<msg timestamp="20251203 16:23:15.767" level="INFO">Clicking element 'id=login-button'.</msg>
<status status="PASS" starttime="20251203 16:23:15.767" endtime="20251203 16:23:15.815"/>
</kw>
<status status="PASS" starttime="20251203 16:23:15.767" endtime="20251203 16:23:15.815"/>
</kw>
<status status="PASS" starttime="20251203 16:23:15.628" endtime="20251203 16:23:15.815"/>
</kw>
<kw name="Verify Successful Login" library="keywords">
<kw name="Wait Until Element Is Visible" library="SeleniumLibrary">
<arg>css=.inventory_list</arg>
<arg>timeout=10s</arg>
<doc>Waits until the element ``locator`` is visible.</doc>
<status status="PASS" starttime="20251203 16:23:15.816" endtime="20251203 16:23:15.825"/>
</kw>
<kw name="Location Should Contain" library="SeleniumLibrary">
<arg>inventory.html</arg>
<doc>Verifies that the current URL contains ``expected``.</doc>
<msg timestamp="20251203 16:23:15.827" level="INFO">Current location contains 'inventory.html'.</msg>
<status status="PASS" starttime="20251203 16:23:15.825" endtime="20251203 16:23:15.827"/>
</kw>
<kw name="Element Should Be Visible" library="SeleniumLibrary">
<arg>css=.app_logo</arg>
<doc>Verifies that the element identified by ``locator`` is visible.</doc>
<msg timestamp="20251203 16:23:15.834" level="INFO">Element 'css=.app_logo' is displayed.</msg>
<status status="PASS" starttime="20251203 16:23:15.827" endtime="20251203 16:23:15.834"/>
</kw>
<kw name="Set TestRail Property" library="keywords">
<arg>testrail_result_comment</arg>
<arg>Login successful - inventory page displayed</arg>
<kw name="Set Test Documentation" library="BuiltIn">
<arg>${\n}- ${key}: ${value}</arg>
<arg>append=True</arg>
<doc>Sets documentation for the current test case.</doc>
<msg timestamp="20251203 16:23:15.835" level="INFO">Set test documentation to:
Verifies that standard user can login successfully
- testrail_case_field: refs:TR-1
- testrail_case_field: priority_id:1
- testrail_result_field: custom_environment:qa 
- testrail_result_comment: Login successful - inventory page displayed</msg>
<status status="PASS" starttime="20251203 16:23:15.835" endtime="20251203 16:23:15.835"/>
</kw>
<status status="PASS" starttime="20251203 16:23:15.835" endtime="20251203 16:23:15.835"/>
</kw>
<status status="PASS" starttime="20251203 16:23:15.815" endtime="20251203 16:23:15.835"/>
</kw>
<kw name="Close Test Browser" library="keywords" type="TEARDOWN">
<kw name="Run Keyword If" library="BuiltIn">
<arg>'${TEST_STATUS}' != 'PASS'</arg>
<arg>Take Screenshot And Report</arg>
<doc>Runs the given keyword with the given arguments, if ``condition`` is true.</doc>
<status status="PASS" starttime="20251203 16:23:15.835" endtime="20251203 16:23:15.835"/>
</kw>
<kw name="Close Browser" library="SeleniumLibrary">
<doc>Closes the current browser.</doc>
<status status="PASS" starttime="20251203 16:23:15.835" endtime="20251203 16:23:15.911"/>
</kw>
<status status="PASS" starttime="20251203 16:23:15.835" endtime="20251203 16:23:15.911"/>
</kw>
<doc>Verifies that standard user can login successfully
- testrail_case_field: refs:TR-1
- testrail_case_field: priority_id:1
- testrail_result_field: custom_environment:qa 
- testrail_result_comment: Login successful - inventory page displayed</doc>
<status status="PASS" starttime="20251203 16:23:11.301" endtime="20251203 16:23:15.911"/>
</test>
<test id="s1-s1-t2" name="Verify Products Page After Login" line="16">
<kw name="Open SauceDemo Website" library="keywords">
<kw name="Open Browser" library="SeleniumLibrary">
<arg>url=${BASE_URL}</arg>
<arg>browser=headlesschrome</arg>
<doc>Opens a new browser instance to the optional ``url``.</doc>
<msg timestamp="20251203 16:23:15.912" level="INFO">Opening browser 'headlesschrome' to base url 'https://www.saucedemo.com'.</msg>
<status status="PASS" starttime="20251203 16:23:15.912" endtime="20251203 16:23:20.002"/>
</kw>
<kw name="Set Window Size" library="SeleniumLibrary">
<arg>1920</arg>
<arg>1080</arg>
<doc>Sets current windows size to given ``width`` and ``height``.</doc>
<status status="PASS" starttime="20251203 16:23:20.005" endtime="20251203 16:23:20.028"/>
</kw>
<status status="PASS" starttime="20251203 16:23:15.912" endtime="20251203 16:23:20.028"/>
</kw>
<kw name="Login With Credentials" library="keywords">
<arg>${STANDARD_USER}</arg>
<arg>${VALID_PASSWORD}</arg>
<kw name="Input Username" library="keywords">
<arg>${username}</arg>
<kw name="Wait Until Element Is Visible" library="SeleniumLibrary">
<arg>id=user-name</arg>
<doc>Waits until the element ``locator`` is visible.</doc>
<status status="PASS" starttime="20251203 16:23:20.029" endtime="20251203 16:23:20.047"/>
</kw>
<kw name="Input Text" library="SeleniumLibrary">
<arg>id=user-name</arg>
<arg>${username}</arg>
<doc>Types the given ``text`` into the text field identified by ``locator``.</doc>
<msg timestamp="20251203 16:23:20.048" level="INFO">Typing text 'standard_user' into text field 'id=user-name'.</msg>
<status status="PASS" starttime="20251203 16:23:20.047" endtime="20251203 16:23:20.132"/>
</kw>
<status status="PASS" starttime="20251203 16:23:20.029" endtime="20251203 16:23:20.132"/>
</kw>
<kw name="Input Password" library="keywords">
<arg>${password}</arg>
<kw name="Wait Until Element Is Visible" library="SeleniumLibrary">
<arg>id=password</arg>
<doc>Waits until the element ``locator`` is visible.</doc>
<status status="PASS" starttime="20251203 16:23:20.132" endtime="20251203 16:23:20.141"/>
</kw>
<kw name="Input Text" library="SeleniumLibrary">
<arg>id=password</arg>
<arg>${password}</arg>
<doc>Types the given ``text`` into the text field identified by ``locator``.</doc>
<msg timestamp="20251203 16:23:20.141" level="INFO">Typing text 'secret_sauce' into text field 'id=password'.</msg>
<status status="PASS" starttime="20251203 16:23:20.141" endtime="20251203 16:23:20.171"/>
</kw>
<status status="PASS" starttime="20251203 16:23:20.132" endtime="20251203 16:23:20.171"/>
</kw>
<kw name="Click Login Button" library="keywords">
<kw name="Click Element" library="SeleniumLibrary">
<arg>id=login-button</arg>
<doc>Click the element identified by ``locator``.</doc>
<msg timestamp="20251203 16:23:20.172" level="INFO">Clicking element 'id=login-button'.</msg>
<status status="PASS" starttime="20251203 16:23:20.171" endtime="20251203 16:23:20.207"/>
</kw>
<status status="PASS" starttime="20251203 16:23:20.171" endtime="20251203 16:23:20.207"/>
</kw>
<status status="PASS" starttime="20251203 16:23:20.029" endtime="20251203 16:23:20.207"/>
</kw>
<kw name="Verify Successful Login" library="keywords">
<kw name="Wait Until Element Is Visible" library="SeleniumLibrary">
<arg>css=.inventory_list</arg>
<arg>timeout=10s</arg>
<doc>Waits until the element ``locator`` is visible.</doc>
<status status="PASS" starttime="20251203 16:23:20.208" endtime="20251203 16:23:20.218"/>
</kw>
<kw name="Location Should Contain" library="SeleniumLibrary">
<arg>inventory.html</arg>
<doc>Verifies that the current URL contains ``expected``.</doc>
<msg timestamp="20251203 16:23:20.220" level="INFO">Current location contains 'inventory.html'.</msg>
<status status="PASS" starttime="20251203 16:23:20.219" endtime="20251203 16:23:20.220"/>
</kw>
<kw name="Element Should Be Visible" library="SeleniumLibrary">
<arg>css=.app_logo</arg>
<doc>Verifies that the element identified by ``locator`` is visible.</doc>
<msg timestamp="20251203 16:23:20.228" level="INFO">Element 'css=.app_logo' is displayed.</msg>
<status status="PASS" starttime="20251203 16:23:20.220" endtime="20251203 16:23:20.228"/>
</kw>
<kw name="Set TestRail Property" library="keywords">
<arg>testrail_result_comment</arg>
<arg>Login successful - inventory page displayed</arg>
<kw name="Set Test Documentation" library="BuiltIn">
<arg>${\n}- ${key}: ${value}</arg>
<arg>append=True</arg>
<doc>Sets documentation for the current test case.</doc>
<msg timestamp="20251203 16:23:20.228" level="INFO">Set test documentation to:
Verifies that products page is displayed after successful login
- testrail_case_field: refs:TR-2
- testrail_case_field: priority_id:2
- testrail_result_field: custom_environment:qa 
- testrail_result_comment: Login successful - inventory page displayed</msg>
<status status="PASS" starttime="20251203 16:23:20.228" endtime="20251203 16:23:20.229"/>
</kw>
<status status="PASS" starttime="20251203 16:23:20.228" endtime="20251203 16:23:20.229"/>
</kw>
<status status="PASS" starttime="20251203 16:23:20.207" endtime="20251203 16:23:20.229"/>
</kw>
<kw name="Verify Products Page Title" library="keywords">
<kw name="Wait Until Element Is Visible" library="SeleniumLibrary">
<arg>css=.title</arg>
<doc>Waits until the element ``locator`` is visible.</doc>
<status status="PASS" starttime="20251203 16:23:20.229" endtime="20251203 16:23:20.237"/>
</kw>
<kw name="Element Should Contain" library="SeleniumLibrary">
<arg>css=.title</arg>
<arg>Products</arg>
<doc>Verifies that element ``locator`` contains text ``expected``.</doc>
<msg timestamp="20251203 16:23:20.246" level="INFO">Element 'css=.title' contains text 'Products'.</msg>
<status status="PASS" starttime="20251203 16:23:20.237" endtime="20251203 16:23:20.246"/>
</kw>
<status status="PASS" starttime="20251203 16:23:20.229" endtime="20251203 16:23:20.246"/>
</kw>
<kw name="Close Test Browser" library="keywords" type="TEARDOWN">
<kw name="Run Keyword If" library="BuiltIn">
<arg>'${TEST_STATUS}' != 'PASS'</arg>
<arg>Take Screenshot And Report</arg>
<doc>Runs the given keyword with the given arguments, if ``condition`` is true.</doc>
<status status="PASS" starttime="20251203 16:23:20.246" endtime="20251203 16:23:20.246"/>
</kw>
<kw name="Close Browser" library="SeleniumLibrary">
<doc>Closes the current browser.</doc>
<status status="PASS" starttime="20251203 16:23:20.246" endtime="20251203 16:23:20.321"/>
</kw>
<status status="PASS" starttime="20251203 16:23:20.246" endtime="20251203 16:23:20.321"/>
</kw>
<doc>Verifies that products page is displayed after successful login
- testrail_case_field: refs:TR-2
- testrail_case_field: priority_id:2
- testrail_result_field: custom_environment:qa 
- testrail_result_comment: Login successful - inventory page displayed</doc>
<status status="PASS" starttime="20251203 16:23:15.911" endtime="20251203 16:23:20.321"/>
</test>
<status status="PASS" starttime="20251203 16:23:11.221" endtime="20251203 16:23:20.322"/>
</suite>
<status status="PASS" starttime="20251203 16:23:11.208" endtime="20251203 16:23:20.322"/>
</suite>
<statistics>
<total>
<stat pass="2" fail="0" skip="0">All Tests</stat>
</total>
<tag>
</tag>
<suite>
<stat pass="2" fail="0" skip="0" id="s1" name="Tests">Tests</stat>
<stat pass="2" fail="0" skip="0" id="s1-s1" name="Login-Tests">Tests.Login-Tests</stat>
</suite>
</statistics>
<errors>
</errors>
</robot>
