<?xml version="1.0" encoding="utf-8"?><testsuites><testsuite name="pytest" errors="0" failures="0" skipped="0" tests="3" time="16.182" timestamp="2025-12-03T16:13:36.070459+08:00" hostname="luffy.lan"><testcase classname="tests.test_login.TestLogin" name="test_login_with_standard_user" file="tests/test_login.py" line="9" time="5.651"><properties><property name="testrail_result_comment" value="1. Enter username: standard_user" /><property name="testrail_result_comment" value="2. Enter password: secret_sauce" /><property name="testrail_result_comment" value="3. Click login button" /><property name="testrail_result_comment" value="4. Verify redirect to inventory page" /><property name="testrail_result_comment" value="5. Verify products title is displayed" /></properties></testcase><testcase classname="tests.test_login.TestLogin" name="test_login_page_elements" file="tests/test_login.py" line="36" time="5.152"><properties><property name="testrail_result_comment" value="1. Verify username input is displayed" /><property name="testrail_result_comment" value="2. Verify password input is displayed" /><property name="testrail_result_comment" value="3. Verify login button is displayed" /><property name="testrail_result_comment" value="4. Verify login logo is displayed" /></properties></testcase><testcase classname="tests.test_login.TestLogin" name="test_inventory_items_after_login" file="tests/test_login.py" line="58" time="5.366"><properties><property name="testrail_result_comment" value="1. Login with standard_user" /><property name="testrail_result_comment" value="2. Wait for inventory page to load" /><property name="testrail_result_comment" value="3. Verify inventory items are displayed" /><property name="testrail_result_comment" value="4. Verify at least 6 products are available" /></properties></testcase></testsuite></testsuites>